<?xml version="1.0" encoding="UTF-8"?>
<testsuite name="TesteMultiplo" tests="2" skipped="0" failures="0" errors="0" timestamp="2016-10-19T19:00:00" hostname="localhost.localdomain" time="11.227">
  <properties/>
  <testcase name="testLoginSucesso" classname="TesteMultiplo" time="9.341"/>
  <testcase name="testLoginSucesso" classname="TesteMultiplo" time="5.869"/>
  <system-out><![CDATA[]]></system-out>
  <system-err><![CDATA[]]></system-err>
</testsuite>
