<?xml version="1.0" encoding="UTF-8"?>
<testsuite name="TesteSimples" tests="1" skipped="0" failures="0" errors="0" timestamp="2016-10-19T19:25:41" hostname="localhost.localdomain" time="20.657">
  <properties/>
  <testcase name="testAtualizarDadosPessoais" classname="TesteSimples" time="20.657"/>
  <system-out><![CDATA[]]></system-out>
  <system-err><![CDATA[]]></system-err>
</testsuite>
